QCloudCosXml/cosxmlext/build/outputs/logs/manifest-merger-normal-debug-report.txt
-- Merging decision tree log ---
manifest
ADDED from src/main/AndroidManifest.xml:1:1-18:12
INJECTED from src/main/AndroidManifest.xml:1:1-18:12
INJECTED from src/main/AndroidManifest.xml:1:1-18:12
INJECTED from src/main/AndroidManifest.xml:1:1-18:12
INJECTED from src/main/AndroidManifest.xml:1:1-18:12
INJECTED from src/main/AndroidManifest.xml:1:1-18:12
INJECTED from src/main/AndroidManifest.xml:1:1-18:12
	package
		ADDED from src/main/AndroidManifest.xml:2:5-43
		INJECTED from src/main/AndroidManifest.xml
		INJECTED from src/main/AndroidManifest.xml
	android:versionName
		INJECTED from src/main/AndroidManifest.xml
		ADDED from src/main/AndroidManifest.xml:1:1-18:12
		INJECTED from src/main/AndroidManifest.xml
	android:versionCode
		INJECTED from src/main/AndroidManifest.xml
		ADDED from src/main/AndroidManifest.xml:1:1-18:12
		INJECTED from src/main/AndroidManifest.xml
	xmlns:android
		ADDED from src/main/AndroidManifest.xml:1:11-69
uses-permission#android.permission.ACCESS_NETWORK_STATE
ADDED from src/main/AndroidManifest.xml:4:5-78
	android:name
		ADDED from src/main/AndroidManifest.xml:4:22-76
application
ADDED from src/main/AndroidManifest.xml:6:5-16:19
receiver#com.tencent.cos.xml.transfer.constraint.NetworkMonitorReceiver
ADDED from src/main/AndroidManifest.xml:7:9-14:20
	android:exported
		ADDED from src/main/AndroidManifest.xml:8:13-37
	android:name
		ADDED from src/main/AndroidManifest.xml:7:19-68
intent-filter#action:name:android.net.conn.CONNECTIVITY_CHANGE
ADDED from src/main/AndroidManifest.xml:10:13-12:29
action#android.net.conn.CONNECTIVITY_CHANGE
ADDED from src/main/AndroidManifest.xml:11:17-78
	android:name
		ADDED from src/main/AndroidManifest.xml:11:25-76
uses-sdk
INJECTED from src/main/AndroidManifest.xml reason: use-sdk injection requested
INJECTED from src/main/AndroidManifest.xml
INJECTED from src/main/AndroidManifest.xml
INJECTED from src/main/AndroidManifest.xml
INJECTED from src/main/AndroidManifest.xml
	android:targetSdkVersion
		INJECTED from src/main/AndroidManifest.xml
		ADDED from src/main/AndroidManifest.xml
		INJECTED from src/main/AndroidManifest.xml
	android:minSdkVersion
		INJECTED from src/main/AndroidManifest.xml
		ADDED from src/main/AndroidManifest.xml
		INJECTED from src/main/AndroidManifest.xml